  Character.cpp
C:\Users\20027\OneDrive\Desktop\Intro to Game Programming\Practice\Rise of the AI\Rise of the AI\Character.cpp(48,23): warning C4018: '<': signed/unsigned mismatch
  LevelA.cpp
C:\Users\20027\OneDrive\Desktop\Intro to Game Programming\Practice\Rise of the AI\Rise of the AI\LevelA.cpp(355,23): warning C4018: '<': signed/unsigned mismatch
C:\Users\20027\OneDrive\Desktop\Intro to Game Programming\Practice\Rise of the AI\Rise of the AI\LevelA.cpp(399,23): warning C4018: '<': signed/unsigned mismatch
C:\Users\20027\OneDrive\Desktop\Intro to Game Programming\Practice\Rise of the AI\Rise of the AI\LevelA.cpp(402,23): warning C4018: '<': signed/unsigned mismatch
  LevelB.cpp
C:\Users\20027\OneDrive\Desktop\Intro to Game Programming\Practice\Rise of the AI\Rise of the AI\LevelB.cpp(300,23): warning C4018: '<': signed/unsigned mismatch
C:\Users\20027\OneDrive\Desktop\Intro to Game Programming\Practice\Rise of the AI\Rise of the AI\LevelB.cpp(323,23): warning C4018: '<': signed/unsigned mismatch
C:\Users\20027\OneDrive\Desktop\Intro to Game Programming\Practice\Rise of the AI\Rise of the AI\LevelB.cpp(327,23): warning C4018: '<': signed/unsigned mismatch
  LevelC.cpp
C:\Users\20027\OneDrive\Desktop\Intro to Game Programming\Practice\Rise of the AI\Rise of the AI\LevelC.cpp(350,23): warning C4018: '<': signed/unsigned mismatch
C:\Users\20027\OneDrive\Desktop\Intro to Game Programming\Practice\Rise of the AI\Rise of the AI\LevelC.cpp(383,23): warning C4018: '<': signed/unsigned mismatch
C:\Users\20027\OneDrive\Desktop\Intro to Game Programming\Practice\Rise of the AI\Rise of the AI\LevelC.cpp(386,23): warning C4018: '<': signed/unsigned mismatch
  TarnishedWidow.cpp
C:\Users\20027\OneDrive\Desktop\Intro to Game Programming\Practice\Rise of the AI\Rise of the AI\TarnishedWidow.cpp(17,5): warning C4244: 'argument': conversion from 'float' to 'int', possible loss of data
C:\Users\20027\OneDrive\Desktop\Intro to Game Programming\Practice\Rise of the AI\Rise of the AI\TarnishedWidow.cpp(170,58): warning C4305: 'argument': truncation from 'double' to 'float'
C:\Users\20027\OneDrive\Desktop\Intro to Game Programming\Practice\Rise of the AI\Rise of the AI\TarnishedWidow.cpp(171,59): warning C4305: 'argument': truncation from 'double' to 'float'
C:\Users\20027\OneDrive\Desktop\Intro to Game Programming\Practice\Rise of the AI\Rise of the AI\TarnishedWidow.cpp(177,58): warning C4305: 'argument': truncation from 'double' to 'float'
C:\Users\20027\OneDrive\Desktop\Intro to Game Programming\Practice\Rise of the AI\Rise of the AI\TarnishedWidow.cpp(178,59): warning C4305: 'argument': truncation from 'double' to 'float'
C:\Users\20027\OneDrive\Desktop\Intro to Game Programming\Practice\Rise of the AI\Rise of the AI\TarnishedWidow.cpp(187,58): warning C4305: 'argument': truncation from 'double' to 'float'
C:\Users\20027\OneDrive\Desktop\Intro to Game Programming\Practice\Rise of the AI\Rise of the AI\TarnishedWidow.cpp(196,58): warning C4305: 'argument': truncation from 'double' to 'float'
C:\Users\20027\OneDrive\Desktop\Intro to Game Programming\Practice\Rise of the AI\Rise of the AI\TarnishedWidow.cpp(200,58): warning C4305: 'argument': truncation from 'double' to 'float'
C:\Users\20027\OneDrive\Desktop\Intro to Game Programming\Practice\Rise of the AI\Rise of the AI\TarnishedWidow.cpp(238,58): warning C4305: 'argument': truncation from 'double' to 'float'
C:\Users\20027\OneDrive\Desktop\Intro to Game Programming\Practice\Rise of the AI\Rise of the AI\TarnishedWidow.cpp(239,59): warning C4305: 'argument': truncation from 'double' to 'float'
C:\Users\20027\OneDrive\Desktop\Intro to Game Programming\Practice\Rise of the AI\Rise of the AI\TarnishedWidow.cpp(246,58): warning C4305: 'argument': truncation from 'double' to 'float'
C:\Users\20027\OneDrive\Desktop\Intro to Game Programming\Practice\Rise of the AI\Rise of the AI\TarnishedWidow.cpp(250,58): warning C4305: 'argument': truncation from 'double' to 'float'
C:\Users\20027\OneDrive\Desktop\Intro to Game Programming\Practice\Rise of the AI\Rise of the AI\TarnishedWidow.cpp(254,58): warning C4305: 'argument': truncation from 'double' to 'float'
C:\Users\20027\OneDrive\Desktop\Intro to Game Programming\Practice\Rise of the AI\Rise of the AI\TarnishedWidow.cpp(255,59): warning C4305: 'argument': truncation from 'double' to 'float'
C:\Users\20027\OneDrive\Desktop\Intro to Game Programming\Practice\Rise of the AI\Rise of the AI\TarnishedWidow.cpp(260,58): warning C4305: 'argument': truncation from 'double' to 'float'
C:\Users\20027\OneDrive\Desktop\Intro to Game Programming\Practice\Rise of the AI\Rise of the AI\TarnishedWidow.cpp(261,59): warning C4305: 'argument': truncation from 'double' to 'float'
C:\Users\20027\OneDrive\Desktop\Intro to Game Programming\Practice\Rise of the AI\Rise of the AI\TarnishedWidow.cpp(266,58): warning C4305: 'argument': truncation from 'double' to 'float'
C:\Users\20027\OneDrive\Desktop\Intro to Game Programming\Practice\Rise of the AI\Rise of the AI\TarnishedWidow.cpp(267,59): warning C4305: 'argument': truncation from 'double' to 'float'
C:\Users\20027\OneDrive\Desktop\Intro to Game Programming\Practice\Rise of the AI\Rise of the AI\TarnishedWidow.cpp(272,58): warning C4305: 'argument': truncation from 'double' to 'float'
C:\Users\20027\OneDrive\Desktop\Intro to Game Programming\Practice\Rise of the AI\Rise of the AI\TarnishedWidow.cpp(273,59): warning C4305: 'argument': truncation from 'double' to 'float'
C:\Users\20027\OneDrive\Desktop\Intro to Game Programming\Practice\Rise of the AI\Rise of the AI\TarnishedWidow.cpp(282,58): warning C4305: 'argument': truncation from 'double' to 'float'
C:\Users\20027\OneDrive\Desktop\Intro to Game Programming\Practice\Rise of the AI\Rise of the AI\TarnishedWidow.cpp(283,59): warning C4305: 'argument': truncation from 'double' to 'float'
C:\Users\20027\OneDrive\Desktop\Intro to Game Programming\Practice\Rise of the AI\Rise of the AI\TarnishedWidow.cpp(287,58): warning C4305: 'argument': truncation from 'double' to 'float'
C:\Users\20027\OneDrive\Desktop\Intro to Game Programming\Practice\Rise of the AI\Rise of the AI\TarnishedWidow.cpp(288,59): warning C4305: 'argument': truncation from 'double' to 'float'
C:\Users\20027\OneDrive\Desktop\Intro to Game Programming\Practice\Rise of the AI\Rise of the AI\TarnishedWidow.cpp(293,58): warning C4305: 'argument': truncation from 'double' to 'float'
C:\Users\20027\OneDrive\Desktop\Intro to Game Programming\Practice\Rise of the AI\Rise of the AI\TarnishedWidow.cpp(294,59): warning C4305: 'argument': truncation from 'double' to 'float'
C:\Users\20027\OneDrive\Desktop\Intro to Game Programming\Practice\Rise of the AI\Rise of the AI\TarnishedWidow.cpp(299,58): warning C4305: 'argument': truncation from 'double' to 'float'
C:\Users\20027\OneDrive\Desktop\Intro to Game Programming\Practice\Rise of the AI\Rise of the AI\TarnishedWidow.cpp(300,59): warning C4305: 'argument': truncation from 'double' to 'float'
C:\Users\20027\OneDrive\Desktop\Intro to Game Programming\Practice\Rise of the AI\Rise of the AI\TarnishedWidow.cpp(305,58): warning C4305: 'argument': truncation from 'double' to 'float'
C:\Users\20027\OneDrive\Desktop\Intro to Game Programming\Practice\Rise of the AI\Rise of the AI\TarnishedWidow.cpp(306,59): warning C4305: 'argument': truncation from 'double' to 'float'
C:\Users\20027\OneDrive\Desktop\Intro to Game Programming\Practice\Rise of the AI\Rise of the AI\TarnishedWidow.cpp(333,58): warning C4305: 'argument': truncation from 'double' to 'float'
C:\Users\20027\OneDrive\Desktop\Intro to Game Programming\Practice\Rise of the AI\Rise of the AI\TarnishedWidow.cpp(334,59): warning C4305: 'argument': truncation from 'double' to 'float'
C:\Users\20027\OneDrive\Desktop\Intro to Game Programming\Practice\Rise of the AI\Rise of the AI\TarnishedWidow.cpp(342,58): warning C4305: 'argument': truncation from 'double' to 'float'
C:\Users\20027\OneDrive\Desktop\Intro to Game Programming\Practice\Rise of the AI\Rise of the AI\TarnishedWidow.cpp(343,59): warning C4305: 'argument': truncation from 'double' to 'float'
C:\Users\20027\OneDrive\Desktop\Intro to Game Programming\Practice\Rise of the AI\Rise of the AI\TarnishedWidow.cpp(347,59): warning C4305: 'argument': truncation from 'double' to 'float'
C:\Users\20027\OneDrive\Desktop\Intro to Game Programming\Practice\Rise of the AI\Rise of the AI\TarnishedWidow.cpp(350,59): warning C4305: 'argument': truncation from 'double' to 'float'
C:\Users\20027\OneDrive\Desktop\Intro to Game Programming\Practice\Rise of the AI\Rise of the AI\TarnishedWidow.cpp(359,59): warning C4305: 'argument': truncation from 'double' to 'float'
C:\Users\20027\OneDrive\Desktop\Intro to Game Programming\Practice\Rise of the AI\Rise of the AI\TarnishedWidow.cpp(361,56): warning C4305: 'argument': truncation from 'double' to 'float'
C:\Users\20027\OneDrive\Desktop\Intro to Game Programming\Practice\Rise of the AI\Rise of the AI\TarnishedWidow.cpp(365,59): warning C4305: 'argument': truncation from 'double' to 'float'
C:\Users\20027\OneDrive\Desktop\Intro to Game Programming\Practice\Rise of the AI\Rise of the AI\TarnishedWidow.cpp(366,56): warning C4305: 'argument': truncation from 'double' to 'float'
C:\Users\20027\OneDrive\Desktop\Intro to Game Programming\Practice\Rise of the AI\Rise of the AI\TarnishedWidow.cpp(377,59): warning C4305: 'argument': truncation from 'double' to 'float'
C:\Users\20027\OneDrive\Desktop\Intro to Game Programming\Practice\Rise of the AI\Rise of the AI\TarnishedWidow.cpp(381,59): warning C4305: 'argument': truncation from 'double' to 'float'
C:\Users\20027\OneDrive\Desktop\Intro to Game Programming\Practice\Rise of the AI\Rise of the AI\TarnishedWidow.cpp(386,59): warning C4305: 'argument': truncation from 'double' to 'float'
C:\Users\20027\OneDrive\Desktop\Intro to Game Programming\Practice\Rise of the AI\Rise of the AI\TarnishedWidow.cpp(391,59): warning C4305: 'argument': truncation from 'double' to 'float'
C:\Users\20027\OneDrive\Desktop\Intro to Game Programming\Practice\Rise of the AI\Rise of the AI\TarnishedWidow.cpp(395,58): warning C4305: 'argument': truncation from 'double' to 'float'
C:\Users\20027\OneDrive\Desktop\Intro to Game Programming\Practice\Rise of the AI\Rise of the AI\TarnishedWidow.cpp(396,59): warning C4305: 'argument': truncation from 'double' to 'float'
C:\Users\20027\OneDrive\Desktop\Intro to Game Programming\Practice\Rise of the AI\Rise of the AI\TarnishedWidow.cpp(416,58): warning C4305: 'argument': truncation from 'double' to 'float'
C:\Users\20027\OneDrive\Desktop\Intro to Game Programming\Practice\Rise of the AI\Rise of the AI\TarnishedWidow.cpp(417,59): warning C4305: 'argument': truncation from 'double' to 'float'
C:\Users\20027\OneDrive\Desktop\Intro to Game Programming\Practice\Rise of the AI\Rise of the AI\TarnishedWidow.cpp(425,58): warning C4305: 'argument': truncation from 'double' to 'float'
C:\Users\20027\OneDrive\Desktop\Intro to Game Programming\Practice\Rise of the AI\Rise of the AI\TarnishedWidow.cpp(438,59): warning C4305: 'argument': truncation from 'double' to 'float'
C:\Users\20027\OneDrive\Desktop\Intro to Game Programming\Practice\Rise of the AI\Rise of the AI\TarnishedWidow.cpp(440,61): warning C4305: 'argument': truncation from 'double' to 'float'
C:\Users\20027\OneDrive\Desktop\Intro to Game Programming\Practice\Rise of the AI\Rise of the AI\TarnishedWidow.cpp(469,58): warning C4305: 'argument': truncation from 'double' to 'float'
C:\Users\20027\OneDrive\Desktop\Intro to Game Programming\Practice\Rise of the AI\Rise of the AI\TarnishedWidow.cpp(470,59): warning C4305: 'argument': truncation from 'double' to 'float'
C:\Users\20027\OneDrive\Desktop\Intro to Game Programming\Practice\Rise of the AI\Rise of the AI\TarnishedWidow.cpp(494,58): warning C4305: 'argument': truncation from 'double' to 'float'
C:\Users\20027\OneDrive\Desktop\Intro to Game Programming\Practice\Rise of the AI\Rise of the AI\TarnishedWidow.cpp(495,59): warning C4305: 'argument': truncation from 'double' to 'float'
C:\Users\20027\OneDrive\Desktop\Intro to Game Programming\Practice\Rise of the AI\Rise of the AI\TarnishedWidow.cpp(501,58): warning C4305: 'argument': truncation from 'double' to 'float'
C:\Users\20027\OneDrive\Desktop\Intro to Game Programming\Practice\Rise of the AI\Rise of the AI\TarnishedWidow.cpp(502,59): warning C4305: 'argument': truncation from 'double' to 'float'
C:\Users\20027\OneDrive\Desktop\Intro to Game Programming\Practice\Rise of the AI\Rise of the AI\TarnishedWidow.cpp(510,58): warning C4305: 'argument': truncation from 'double' to 'float'
C:\Users\20027\OneDrive\Desktop\Intro to Game Programming\Practice\Rise of the AI\Rise of the AI\TarnishedWidow.cpp(519,58): warning C4305: 'argument': truncation from 'double' to 'float'
C:\Users\20027\OneDrive\Desktop\Intro to Game Programming\Practice\Rise of the AI\Rise of the AI\TarnishedWidow.cpp(520,59): warning C4305: 'argument': truncation from 'double' to 'float'
C:\Users\20027\OneDrive\Desktop\Intro to Game Programming\Practice\Rise of the AI\Rise of the AI\TarnishedWidow.cpp(600,58): warning C4305: 'argument': truncation from 'double' to 'float'
C:\Users\20027\OneDrive\Desktop\Intro to Game Programming\Practice\Rise of the AI\Rise of the AI\TarnishedWidow.cpp(601,59): warning C4305: 'argument': truncation from 'double' to 'float'
C:\Users\20027\OneDrive\Desktop\Intro to Game Programming\Practice\Rise of the AI\Rise of the AI\TarnishedWidow.cpp(608,58): warning C4305: 'argument': truncation from 'double' to 'float'
C:\Users\20027\OneDrive\Desktop\Intro to Game Programming\Practice\Rise of the AI\Rise of the AI\TarnishedWidow.cpp(609,59): warning C4305: 'argument': truncation from 'double' to 'float'
C:\Users\20027\OneDrive\Desktop\Intro to Game Programming\Practice\Rise of the AI\Rise of the AI\TarnishedWidow.cpp(611,61): warning C4305: 'argument': truncation from 'double' to 'float'
C:\Users\20027\OneDrive\Desktop\Intro to Game Programming\Practice\Rise of the AI\Rise of the AI\TarnishedWidow.cpp(614,61): warning C4305: 'argument': truncation from 'double' to 'float'
C:\Users\20027\OneDrive\Desktop\Intro to Game Programming\Practice\Rise of the AI\Rise of the AI\TarnishedWidow.cpp(681,58): warning C4305: 'argument': truncation from 'double' to 'float'
C:\Users\20027\OneDrive\Desktop\Intro to Game Programming\Practice\Rise of the AI\Rise of the AI\TarnishedWidow.cpp(682,59): warning C4305: 'argument': truncation from 'double' to 'float'
  main.cpp
  Generating Code...
  Rise of the AI.vcxproj -> C:\Users\20027\OneDrive\Desktop\Intro to Game Programming\Practice\Rise of the AI\Debug\Rise of the AI.exe
  'pwsh.exe' is not recognized as an internal or external command,
  operable program or batch file.
